#
# There is insufficient memory for the Java Runtime Environment to continue.
# Native memory allocation (mmap) failed to map 268435456 bytes for Failed to commit area from 0x0000000701000000 to 0x0000000711000000 of length 268435456.
# Possible reasons:
#   The system is out of physical RAM or swap space
#   The process is running with CompressedOops enabled, and the Java Heap may be blocking the growth of the native heap
# Possible solutions:
#   Reduce memory load on the system
#   Increase physical memory or swap space
#   Check if swap backing store is full
#   Decrease Java heap size (-Xmx/-Xms)
#   Decrease number of Java threads
#   Decrease Java thread stack sizes (-Xss)
#   Set larger code cache with -XX:ReservedCodeCacheSize=
# This output file may be truncated or incomplete.
#
#  Out of Memory Error (./src/hotspot/os/windows/os_windows.cpp:3303), pid=27116, tid=18660
#
# JRE version:  (11.0.7+10) (build )
# Java VM: OpenJDK 64-Bit Server VM (11.0.7+10, mixed mode, sharing, tiered, compressed oops, g1 gc, windows-amd64)
# No core dump will be written. Minidumps are not enabled by default on client versions of Windows
#

---------------  S U M M A R Y ------------

Command Line: C:\Users\SNEZHI~1\AppData\Local\Temp\surefire13158126347632457126\surefirebooter13905004236864339005.jar C:\Users\snezhinka\AppData\Local\Temp\surefire13158126347632457126 2020-06-16T22-47-24_684-jvmRun1 surefire12096374608186664957tmp surefire_010826713623324978229tmp

Host: AMD Ryzen 3 1200 Quad-Core Processor           , 4 cores, 15G,  Windows 10 , 64 bit Build 18362 (10.0.18362.900)
Time: Tue Jun 16 22:47:25 2020 RTZ 2 (ceia) elapsed time: 0 seconds (0d 0h 0m 0s)

---------------  T H R E A D  ---------------

Current thread (0x0000017ba7d60000):  JavaThread "Unknown thread" [_thread_in_vm, id=18660, stack(0x0000003c34900000,0x0000003c34a00000)]

Stack: [0x0000003c34900000,0x0000003c34a00000]
Native frames: (J=compiled Java code, j=interpreted, Vv=VM code, C=native code)
V  [jvm.dll+0x5dec5a]
V  [jvm.dll+0x71671e]
V  [jvm.dll+0x717def]
V  [jvm.dll+0x7184b3]
V  [jvm.dll+0x2409b8]
V  [jvm.dll+0x5dbf1a]
V  [jvm.dll+0x5d0c05]
V  [jvm.dll+0x2f614c]
V  [jvm.dll+0x2f5fd2]
V  [jvm.dll+0x2fac86]
V  [jvm.dll+0x33eb4f]
V  [jvm.dll+0x33e580]
V  [jvm.dll+0x2d3518]
V  [jvm.dll+0x2d4666]
V  [jvm.dll+0x6f2437]
V  [jvm.dll+0x6f3bbf]
V  [jvm.dll+0x34b8d9]
V  [jvm.dll+0x6d5aa0]
V  [jvm.dll+0x3b2c8f]
V  [jvm.dll+0x3b4f41]
C  [jli.dll+0x51fb]
C  [ucrtbase.dll+0x20e82]
C  [KERNEL32.DLL+0x17bd4]
C  [ntdll.dll+0x6ce51]


---------------  P R O C E S S  ---------------

Threads class SMR info:
_java_thread_list=0x0000017ba5c58180, length=0, elements={
}

Java Threads: ( => current thread )

Other Threads:
  0x0000017ba7d78800 GCTaskThread "GC Thread#0" [stack: 0x0000003c34a00000,0x0000003c34b00000] [id=26840]
  0x0000017ba7dd6000 ConcurrentGCThread "G1 Main Marker" [stack: 0x0000003c34b00000,0x0000003c34c00000] [id=21632]
  0x0000017ba7dd8800 ConcurrentGCThread "G1 Conc#0" [stack: 0x0000003c34c00000,0x0000003c34d00000] [id=19696]

[error occurred during error reporting (printing all threads), id 0xc0000005, EXCEPTION_ACCESS_VIOLATION (0xc0000005) at pc=0x00007ffe15782b67]

VM state:not at safepoint (not fully initialized)

VM Mutex/Monitor currently owned by a thread:  ([mutex/lock_event])
[0x0000017ba7d5cee0] Heap_lock - owner thread: 0x0000017ba7d60000

Heap address: 0x0000000701000000, size: 4080 MB, Compressed Oops mode: Non-zero based: 0x0000000701000000
Narrow klass base: 0x0000000000000000, Narrow klass shift: 0

GC Heap History (0 events):
No events

Deoptimization events (0 events):
No events

Classes redefined (0 events):
No events

Internal exceptions (0 events):
No events

Events (2 events):
Event: 0.006 Loaded shared library C:\Program Files\AdoptOpenJDK\jdk-11.0.7.10-hotspot\bin\zip.dll
Event: 0.007 Loaded shared library C:\Program Files\AdoptOpenJDK\jdk-11.0.7.10-hotspot\bin\jimage.dll


Dynamic libraries:
0x00007ff65f780000 - 0x00007ff65f78d000 	C:\Program Files\AdoptOpenJDK\jdk-11.0.7.10-hotspot\bin\java.exe
0x00007ffe45100000 - 0x00007ffe452f0000 	C:\Windows\SYSTEM32\ntdll.dll
0x00007ffe43270000 - 0x00007ffe43322000 	C:\Windows\System32\KERNEL32.DLL
0x00007ffe42ed0000 - 0x00007ffe43174000 	C:\Windows\System32\KERNELBASE.dll
0x00007ffe42090000 - 0x00007ffe4218a000 	C:\Windows\System32\ucrtbase.dll
0x00007ffe33f70000 - 0x00007ffe33f87000 	C:\Program Files\AdoptOpenJDK\jdk-11.0.7.10-hotspot\bin\jli.dll
0x00007ffe33d00000 - 0x00007ffe33d15000 	C:\Program Files\AdoptOpenJDK\jdk-11.0.7.10-hotspot\bin\VCRUNTIME140.dll
0x00007ffe43d90000 - 0x00007ffe43f24000 	C:\Windows\System32\USER32.dll
0x00007ffe43180000 - 0x00007ffe431a1000 	C:\Windows\System32\win32u.dll
0x00007ffe347c0000 - 0x00007ffe34a44000 	C:\Windows\WinSxS\amd64_microsoft.windows.common-controls_6595b64144ccf1df_6.0.18362.900_none_e6beb9d913147d17\COMCTL32.dll
0x00007ffe43ac0000 - 0x00007ffe43ae6000 	C:\Windows\System32\GDI32.dll
0x00007ffe421c0000 - 0x00007ffe42355000 	C:\Windows\System32\gdi32full.dll
0x00007ffe43330000 - 0x00007ffe433ce000 	C:\Windows\System32\msvcrt.dll
0x00007ffe42410000 - 0x00007ffe424ae000 	C:\Windows\System32\msvcp_win.dll
0x00007ffe44130000 - 0x00007ffe44465000 	C:\Windows\System32\combase.dll
0x00007ffe447b0000 - 0x00007ffe448d0000 	C:\Windows\System32\RPCRT4.dll
0x00007ffe42e30000 - 0x00007ffe42eb0000 	C:\Windows\System32\bcryptPrimitives.dll
0x00007ffe44d40000 - 0x00007ffe44d6e000 	C:\Windows\System32\IMM32.DLL
0x00007ffe336d0000 - 0x00007ffe3376b000 	C:\Program Files\AdoptOpenJDK\jdk-11.0.7.10-hotspot\bin\msvcp140.dll
0x00007ffe154a0000 - 0x00007ffe15f5c000 	C:\Program Files\AdoptOpenJDK\jdk-11.0.7.10-hotspot\bin\server\jvm.dll
0x00007ffe44700000 - 0x00007ffe447a3000 	C:\Windows\System32\ADVAPI32.dll
0x00007ffe444d0000 - 0x00007ffe44567000 	C:\Windows\System32\sechost.dll
0x00007ffe43af0000 - 0x00007ffe43af8000 	C:\Windows\System32\PSAPI.DLL
0x00007ffe33950000 - 0x00007ffe33959000 	C:\Windows\SYSTEM32\WSOCK32.dll
0x00007ffe3eb10000 - 0x00007ffe3eb34000 	C:\Windows\SYSTEM32\WINMM.dll
0x00007ffe440c0000 - 0x00007ffe4412f000 	C:\Windows\System32\WS2_32.dll
0x00007ffe3af20000 - 0x00007ffe3af2a000 	C:\Windows\SYSTEM32\VERSION.dll
0x00007ffe3ead0000 - 0x00007ffe3eafd000 	C:\Windows\SYSTEM32\WINMMBASE.dll
0x00007ffe42600000 - 0x00007ffe4264a000 	C:\Windows\System32\cfgmgr32.dll
0x00007ffe41fd0000 - 0x00007ffe41fe1000 	C:\Windows\System32\kernel.appcore.dll
0x00007ffe38fe0000 - 0x00007ffe38ff0000 	C:\Program Files\AdoptOpenJDK\jdk-11.0.7.10-hotspot\bin\verify.dll
0x00007ffe2ece0000 - 0x00007ffe2eed4000 	C:\Windows\SYSTEM32\DBGHELP.DLL
0x00007ffe30820000 - 0x00007ffe3084a000 	C:\Windows\SYSTEM32\dbgcore.DLL
0x00007ffe336a0000 - 0x00007ffe336c8000 	C:\Program Files\AdoptOpenJDK\jdk-11.0.7.10-hotspot\bin\java.dll
0x00007ffe33cc0000 - 0x00007ffe33cd6000 	C:\Program Files\AdoptOpenJDK\jdk-11.0.7.10-hotspot\bin\zip.dll
0x00007ffe38fa0000 - 0x00007ffe38faa000 	C:\Program Files\AdoptOpenJDK\jdk-11.0.7.10-hotspot\bin\jimage.dll

dbghelp: loaded successfully - version: 4.0.5 - missing functions: none
symbol engine: initialized successfully - sym options: 0x614 - pdb path: .;C:\Program Files\AdoptOpenJDK\jdk-11.0.7.10-hotspot\bin;C:\Windows\SYSTEM32;C:\Windows\WinSxS\amd64_microsoft.windows.common-controls_6595b64144ccf1df_6.0.18362.900_none_e6beb9d913147d17;C:\Program Files\AdoptOpenJDK\jdk-11.0.7.10-hotspot\bin\server

VM Arguments:
java_command: C:\Users\SNEZHI~1\AppData\Local\Temp\surefire13158126347632457126\surefirebooter13905004236864339005.jar C:\Users\snezhinka\AppData\Local\Temp\surefire13158126347632457126 2020-06-16T22-47-24_684-jvmRun1 surefire12096374608186664957tmp surefire_010826713623324978229tmp
java_class_path (initial): C:\Users\SNEZHI~1\AppData\Local\Temp\surefire13158126347632457126\surefirebooter13905004236864339005.jar
Launcher Type: SUN_STANDARD

[Global flags]
     intx CICompilerCount                          = 3                                         {product} {ergonomic}
     uint ConcGCThreads                            = 1                                         {product} {ergonomic}
     uint G1ConcRefinementThreads                  = 4                                         {product} {ergonomic}
   size_t G1HeapRegionSize                         = 1048576                                   {product} {ergonomic}
    uintx GCDrainStackTargetSize                   = 64                                        {product} {ergonomic}
   size_t InitialHeapSize                          = 268435456                                 {product} {ergonomic}
   size_t MarkStackSize                            = 4194304                                   {product} {ergonomic}
   size_t MaxHeapSize                              = 4278190080                                {product} {ergonomic}
   size_t MinHeapDeltaBytes                        = 1048576                                   {product} {ergonomic}
    uintx NonNMethodCodeHeapSize                   = 5830732                                {pd product} {ergonomic}
    uintx NonProfiledCodeHeapSize                  = 122913754                              {pd product} {ergonomic}
    uintx ProfiledCodeHeapSize                     = 122913754                              {pd product} {ergonomic}
    uintx ReservedCodeCacheSize                    = 251658240                              {pd product} {ergonomic}
     bool SegmentedCodeCache                       = true                                      {product} {ergonomic}
     bool UseCompressedClassPointers               = true                                 {lp64_product} {ergonomic}
     bool UseCompressedOops                        = true                                 {lp64_product} {ergonomic}
     bool UseG1GC                                  = true                                      {product} {ergonomic}
     bool UseLargePagesIndividualAllocation        = false                                  {pd product} {ergonomic}

Logging:
Log output configuration:
 #0: stdout all=warning uptime,level,tags
 #1: stderr all=off uptime,level,tags

Environment Variables:
PATH=C:\Program Files\AdoptOpenJDK\jdk-11.0.7.10-hotspot\bin;C:\ProgramData\Oracle\Java\javapath;C:\Windows\system32;C:\Windows;C:\Windows\System32\Wbem;C:\Windows\System32\WindowsPowerShell\v1.0\;C:\Windows\System32\OpenSSH\;C:\Program Files\Git\cmd;C:\Program Files\PuTTY\;C:\Users\snezhinka\AppData\Local\Microsoft\WindowsApps;
USERNAME=snezhinka
OS=Windows_NT
PROCESSOR_IDENTIFIER=AMD64 Family 23 Model 1 Stepping 1, AuthenticAMD



---------------  S Y S T E M  ---------------

OS: Windows 10 , 64 bit Build 18362 (10.0.18362.900)
OS uptime: 3 days 4:20 hours

CPU:total 4 (initial active 4) (4 cores per cpu, 1 threads per core) family 23 model 1 stepping 1, cmov, cx8, fxsr, mmx, sse, sse2, sse3, ssse3, sse4.1, sse4.2, popcnt, avx, avx2, aes, clmul, mmxext, 3dnowpref, lzcnt, sse4a, tsc, tscinvbit, tscinv, bmi1, bmi2, adx, sha, fma

Memory: 4k page, system-wide physical 16315M (5472M free)
TotalPageFile size 24507M (AvailPageFile size 62M)
current process WorkingSet (physical memory assigned to process): 9M, peak: 9M
current process commit charge ("private bytes"): 52M, peak: 308M

vm_info: OpenJDK 64-Bit Server VM (11.0.7+10) for windows-amd64 JRE (11.0.7+10), built on Apr 16 2020 11:43:40 by "" with MS VC++ 15.9 (VS2017)

END.
